<?xml version="1.0" encoding="UTF-8"?>
<testsuite xmlns:xsi="http://www.w3.org/2001/XMLSchema-instance" xsi:noNamespaceSchemaLocation="https://maven.apache.org/surefire/maven-surefire-plugin/xsd/surefire-test-report-3.0.xsd" version="3.0" name="MainTest" time="0.077" tests="1" errors="0" skipped="0" failures="0">
  <properties>
    <property name="java.specification.version" value="17"/>
    <property name="sun.cpu.isalist" value="amd64"/>
    <property name="sun.jnu.encoding" value="Cp1252"/>
    <property name="java.class.path" value="C:\Users\FIRZAA\OneDrive - PT XL Axiata Tbk\workspace\xl\microservice\spring-workspace\count-words\target\test-classes;C:\Users\FIRZAA\OneDrive - PT XL Axiata Tbk\workspace\xl\microservice\spring-workspace\count-words\target\classes;C:\Users\FIRZAA\.m2\repository\junit\junit\4.13.2\junit-4.13.2.jar;C:\Users\FIRZAA\.m2\repository\org\hamcrest\hamcrest-core\1.3\hamcrest-core-1.3.jar;"/>
    <property name="java.vm.vendor" value="Oracle Corporation"/>
    <property name="sun.arch.data.model" value="64"/>
    <property name="user.variant" value=""/>
    <property name="java.vendor.url" value="https://java.oracle.com/"/>
    <property name="user.timezone" value="Asia/Jakarta"/>
    <property name="os.name" value="Windows 11"/>
    <property name="java.vm.specification.version" value="17"/>
    <property name="sun.java.launcher" value="SUN_STANDARD"/>
    <property name="user.country" value="ID"/>
    <property name="sun.boot.library.path" value="C:\Program Files\Java\graalvm-jdk-17.0.9+11.1\bin"/>
    <property name="sun.java.command" value="C:\Users\FIRZAA\AppData\Local\Temp\surefire4412648381084300667\surefirebooter-20231224151916127_3.jar C:\Users\FIRZAA\AppData\Local\Temp\surefire4412648381084300667 2023-12-24T15-19-15_985-jvmRun1 surefire-20231224151916127_1tmp surefire_0-20231224151916127_2tmp"/>
    <property name="jdk.debug" value="release"/>
    <property name="surefire.test.class.path" value="C:\Users\FIRZAA\OneDrive - PT XL Axiata Tbk\workspace\xl\microservice\spring-workspace\count-words\target\test-classes;C:\Users\FIRZAA\OneDrive - PT XL Axiata Tbk\workspace\xl\microservice\spring-workspace\count-words\target\classes;C:\Users\FIRZAA\.m2\repository\junit\junit\4.13.2\junit-4.13.2.jar;C:\Users\FIRZAA\.m2\repository\org\hamcrest\hamcrest-core\1.3\hamcrest-core-1.3.jar;"/>
    <property name="sun.cpu.endian" value="little"/>
    <property name="user.home" value="C:\Users\FIRZAA"/>
    <property name="user.language" value="en"/>
    <property name="java.specification.vendor" value="Oracle Corporation"/>
    <property name="java.version.date" value="2023-10-17"/>
    <property name="java.home" value="C:\Program Files\Java\graalvm-jdk-17.0.9+11.1"/>
    <property name="file.separator" value="\"/>
    <property name="basedir" value="C:\Users\FIRZAA\OneDrive - PT XL Axiata Tbk\workspace\xl\microservice\spring-workspace\count-words"/>
    <property name="java.vm.compressedOopsMode" value="Zero based"/>
    <property name="jdk.internal.vm.ci.enabled" value="true"/>
    <property name="line.separator" value="&#10;"/>
    <property name="java.vm.specification.vendor" value="Oracle Corporation"/>
    <property name="java.specification.name" value="Java Platform API Specification"/>
    <property name="surefire.real.class.path" value="C:\Users\FIRZAA\AppData\Local\Temp\surefire4412648381084300667\surefirebooter-20231224151916127_3.jar"/>
    <property name="user.script" value=""/>
    <property name="sun.management.compiler" value="HotSpot 64-Bit Tiered Compilers"/>
    <property name="java.runtime.version" value="17.0.9+11-LTS-jvmci-23.0-b21"/>
    <property name="user.name" value="FIRZAA"/>
    <property name="path.separator" value=";"/>
    <property name="os.version" value="10.0"/>
    <property name="java.runtime.name" value="Java(TM) SE Runtime Environment"/>
    <property name="file.encoding" value="Cp1252"/>
    <property name="java.vm.name" value="Java HotSpot(TM) 64-Bit Server VM"/>
    <property name="java.vendor.version" value="Oracle GraalVM 17.0.9+11.1"/>
    <property name="localRepository" value="C:\Users\FIRZAA\.m2\repository"/>
    <property name="java.vendor.url.bug" value="https://bugreport.java.com/bugreport/"/>
    <property name="java.io.tmpdir" value="C:\Users\FIRZAA\AppData\Local\Temp\"/>
    <property name="java.version" value="17.0.9"/>
    <property name="user.dir" value="C:\Users\FIRZAA\OneDrive - PT XL Axiata Tbk\workspace\xl\microservice\spring-workspace\count-words"/>
    <property name="os.arch" value="amd64"/>
    <property name="java.vm.specification.name" value="Java Virtual Machine Specification"/>
    <property name="sun.os.patch.level" value=""/>
    <property name="native.encoding" value="Cp1252"/>
    <property name="java.library.path" value="C:\Program Files\Java\graalvm-jdk-17.0.9+11.1\bin;C:\windows\Sun\Java\bin;C:\windows\system32;C:\windows;C:\tibco\tibrv\8.4\bin;C:\Program Files\Common Files\Oracle\Java\javapath;C:\Program Files (x86)\Common Files\Oracle\Java\javapath;C:\windows\system32;C:\windows;C:\windows\System32\Wbem;C:\windows\System32\WindowsPowerShell\v1.0\;C:\windows\System32\OpenSSH\;C:\Users\FIRZAA\AppData\Local\Temp\LRE465E.tmp\bin;C:\Users\FIRZAA\OneDrive - PT XL Axiata Tbk\Software\ApacheMaven\apache-maven-3.9.2\bin;C:\Program Files\Go\bin;C:\Program Files\nodejs\;C:\Program Files\Git\cmd;C:\Program Files\Docker\Docker\resources\bin;C:\Program Files (x86)\NetSarang\Xshell 7\;C:\Program Files (x86)\NetSarang\Xftp 7\;C:\Program Files\Java\graalvm-jdk-17.0.9+11.1\bin;C:\Users\FIRZAA\AppData\Local\Microsoft\WindowsApps;C:\Users\FIRZAA\go\bin;C:\Users\FIRZAA\AppData\Roaming\npm;C:\Users\FIRZAA\AppData\Local\Programs\Microsoft VS Code\bin;."/>
    <property name="java.vm.info" value="mixed mode, sharing"/>
    <property name="java.vendor" value="Oracle Corporation"/>
    <property name="java.vm.version" value="17.0.9+11-LTS-jvmci-23.0-b21"/>
    <property name="sun.io.unicode.encoding" value="UnicodeLittle"/>
    <property name="java.class.version" value="61.0"/>
  </properties>
  <testcase name="test" classname="MainTest" time="0.021"/>
</testsuite>